<?xml version="1.0" encoding="UTF-8" ?>
<testsuite failures="1" time="0.245" errors="0" skipped="9" tests="15" name="it.polimi.dinosaursisland.GameControllerTest">
  <properties>
[...]
</properties>
  <testcase time="0.002" classname="it.polimi.dinosaursisland.GameControllerTest" name="findTypeTest1"/>
  <testcase time="0.001" classname="it.polimi.dinosaursisland.GameControllerTest" name="findTypeByNameTest1"/>
  <testcase time="0" classname="it.polimi.dinosaursisland.GameControllerTest" name="findDinoByNameTest1"/>
  <testcase time="0" classname="it.polimi.dinosaursisland.GameControllerTest" name="findPlayerTest1"/>
  <testcase time="0.001" classname="it.polimi.dinosaursisland.GameControllerTest" name="findPlayerByNameTest1"/>
  <testcase time="0.002" classname="it.polimi.dinosaursisland.GameControllerTest" name="findTypeTest">
    <skipped/>
  </testcase>
  <testcase time="0.002" classname="it.polimi.dinosaursisland.GameControllerTest" name="findTypeByNameTest">
    <skipped/>
  </testcase>
  <testcase time="0.002" classname="it.polimi.dinosaursisland.GameControllerTest" name="findPlayerTest">
    <skipped/>
  </testcase>
  <testcase time="0.003" classname="it.polimi.dinosaursisland.GameControllerTest" name="findPlayerByNameTest">
    <skipped/>
  </testcase>
  <testcase time="0.003" classname="it.polimi.dinosaursisland.GameControllerTest" name="findDinoByNameTest">
    <skipped/>
  </testcase>
  <testcase time="0.003" classname="it.polimi.dinosaursisland.GameControllerTest" name="moveTest1">
    <skipped/>
  </testcase>
  <testcase time="0.003" classname="it.polimi.dinosaursisland.GameControllerTest" name="moveTest2">
    <skipped/>
  </testcase>
  <testcase time="0.003" classname="it.polimi.dinosaursisland.GameControllerTest" name="moveTest3">
    <skipped/>
  </testcase>
  <testcase time="0.004" classname="it.polimi.dinosaursisland.GameControllerTest" name="moveTest4">
    <skipped/>
  </testcase>
  <testcase time="0.005" classname="it.polimi.dinosaursisland.GameControllerTest" name="moveTest5">
    <failure message="Expected exception: it.polimi.dinosaursisland.exceptions.FightException" type="java.lang.AssertionError">java.lang.AssertionError: Expected exception: it.polimi.dinosaursisland.exceptions.FightException
	at org.junit.internal.runners.statements.ExpectException.evaluate(ExpectException.java:32)
	at org.junit.runners.BlockJUnit4ClassRunner.runNotIgnored(BlockJUnit4ClassRunner.java:79)
	at org.junit.runners.BlockJUnit4ClassRunner.runChild(BlockJUnit4ClassRunner.java:71)
	at org.junit.runners.BlockJUnit4ClassRunner.runChild(BlockJUnit4ClassRunner.java:49)
	at org.junit.runners.ParentRunner$3.run(ParentRunner.java:193)
	at org.junit.runners.ParentRunner$1.schedule(ParentRunner.java:52)
	at org.junit.runners.ParentRunner.runChildren(ParentRunner.java:191)
	at org.junit.runners.ParentRunner.access$000(ParentRunner.java:42)
	at org.junit.runners.ParentRunner$2.evaluate(ParentRunner.java:184)
	at org.junit.internal.runners.statements.RunBefores.evaluate(RunBefores.java:28)
	at org.junit.runners.ParentRunner.run(ParentRunner.java:236)
	at org.apache.maven.surefire.junit4.JUnit4TestSet.execute(JUnit4TestSet.java:35)
	at org.apache.maven.surefire.junit4.JUnit4Provider.executeTestSet(JUnit4Provider.java:115)
	at org.apache.maven.surefire.junit4.JUnit4Provider.invoke(JUnit4Provider.java:97)
	at sun.reflect.NativeMethodAccessorImpl.invoke0(Native Method)
	at sun.reflect.NativeMethodAccessorImpl.invoke(NativeMethodAccessorImpl.java:39)
	at sun.reflect.DelegatingMethodAccessorImpl.invoke(DelegatingMethodAccessorImpl.java:25)
	at java.lang.reflect.Method.invoke(Method.java:597)
	at org.apache.maven.surefire.booter.ProviderFactory$ClassLoaderProxy.invoke(ProviderFactory.java:103)
	at $Proxy0.invoke(Unknown Source)
	at org.apache.maven.surefire.booter.SurefireStarter.invokeProvider(SurefireStarter.java:150)
	at org.apache.maven.surefire.booter.SurefireStarter.runSuitesInProcess(SurefireStarter.java:91)
	at org.apache.maven.surefire.booter.ForkedBooter.main(ForkedBooter.java:69)
</failure>
    <system-out>7
5
</system-out>
  </testcase>
</testsuite>